#
# There is insufficient memory for the Java Runtime Environment to continue.
# Native memory allocation (malloc) failed to allocate 1048576 bytes for AllocateHeap
# Possible reasons:
#   The system is out of physical RAM or swap space
#   In 32 bit mode, the process size limit was hit
# Possible solutions:
#   Reduce memory load on the system
#   Increase physical memory or swap space
#   Check if swap backing store is full
#   Use 64 bit Java on a 64 bit OS
#   Decrease Java heap size (-Xmx/-Xms)
#   Decrease number of Java threads
#   Decrease Java thread stack sizes (-Xss)
#   Set larger code cache with -XX:ReservedCodeCacheSize=
# This output file may be truncated or incomplete.
#
#  Out of Memory Error (memory/allocation.inline.hpp:61), pid=7880, tid=9000
#
# JRE version:  (8.0_60-b27) (build )
# Java VM: Java HotSpot(TM) 64-Bit Server VM (25.60-b23 mixed mode windows-amd64 compressed oops)
# Failed to write core dump. Minidumps are not enabled by default on client versions of Windows
#

---------------  T H R E A D  ---------------

Current thread (0x0000000001f70800):  JavaThread "Unknown thread" [_thread_in_vm, id=9000, stack(0x00000000006c0000,0x00000000007c0000)]

Stack: [0x00000000006c0000,0x00000000007c0000]
[error occurred during error reporting (printing stack bounds), id 0xc0000005]

Native frames: (J=compiled Java code, j=interpreted, Vv=VM code, C=native code)


---------------  P R O C E S S  ---------------

Java Threads: ( => current thread )

Other Threads:

=>0x0000000001f70800 (exited) JavaThread "Unknown thread" [_thread_in_vm, id=9000, stack(0x00000000006c0000,0x00000000007c0000)]

VM state:not at safepoint (normal execution)

VM Mutex/Monitor currently owned by a thread: None

Heap:
 PSYoungGen      total 18432K, used 317K [0x00000000eb600000, 0x00000000eca80000, 0x0000000100000000)
  eden space 15872K, 2% used [0x00000000eb600000,0x00000000eb64f5d0,0x00000000ec580000)
  from space 2560K, 0% used [0x00000000ec800000,0x00000000ec800000,0x00000000eca80000)
  to   space 2560K, 0% used [0x00000000ec580000,0x00000000ec580000,0x00000000ec800000)
 ParOldGen       total 42496K, used 0K [0x00000000c2200000, 0x00000000c4b80000, 0x00000000eb600000)
  object space 42496K, 0% used [0x00000000c2200000,0x00000000c2200000,0x00000000c4b80000)
 Metaspace       used 743K, capacity 4480K, committed 4480K, reserved 1056768K
  class space    used 75K, capacity 384K, committed 384K, reserved 1048576K

Card table byte_map: [0x0000000011840000,0x0000000011a30000] byte_map_base: 0x000000001122f000

Marking Bits: (ParMarkBitMap*) 0x00000000776ea5b0
 Begin Bits: [0x0000000011f80000, 0x0000000012ef8000)
 End Bits:   [0x0000000012ef8000, 0x0000000013e70000)

Polling page: 0x0000000000510000

CodeCache: size=245760Kb used=327Kb max_used=327Kb free=245432Kb
 bounds [0x0000000002480000, 0x00000000026f0000, 0x0000000011480000]
 total_blobs=56 nmethods=0 adapters=37
 compilation: enabled

Compilation events (0 events):
No events

GC Heap History (0 events):
No events

Deoptimization events (0 events):
No events

Internal exceptions (0 events):
No events

Events (10 events):
Event: 0.106 loading class java/lang/Short
Event: 0.106 loading class java/lang/Short done
Event: 0.106 loading class java/lang/Integer
Event: 0.106 loading class java/lang/Integer done
Event: 0.106 loading class java/lang/Long
Event: 0.106 loading class java/lang/Long done
Event: 0.108 loading class java/lang/NullPointerException
Event: 0.108 loading class java/lang/NullPointerException done
Event: 0.108 loading class java/lang/ArithmeticException
Event: 0.108 loading class java/lang/ArithmeticException done


Dynamic libraries:
0x00007ff65fc40000 - 0x00007ff65fc77000 	D:\jre1.8.0_60\bin\javaw.exe
0x00007ffbe2880000 - 0x00007ffbe2a41000 	C:\WINDOWS\SYSTEM32\ntdll.dll
0x00007ffbe1db0000 - 0x00007ffbe1e5d000 	C:\WINDOWS\system32\KERNEL32.DLL
0x00007ffbdf080000 - 0x00007ffbdf268000 	C:\WINDOWS\system32\KERNELBASE.dll
0x00007ffbe2760000 - 0x00007ffbe2807000 	C:\WINDOWS\system32\ADVAPI32.dll
0x00007ffbe1e70000 - 0x00007ffbe1f0d000 	C:\WINDOWS\system32\msvcrt.dll
0x00007ffbe1d40000 - 0x00007ffbe1d9b000 	C:\WINDOWS\system32\sechost.dll
0x00007ffbe1bc0000 - 0x00007ffbe1cdc000 	C:\WINDOWS\system32\RPCRT4.dll
0x00007ffbdfdc0000 - 0x00007ffbdff16000 	C:\WINDOWS\system32\USER32.dll
0x00007ffbdfff0000 - 0x00007ffbe0176000 	C:\WINDOWS\system32\GDI32.dll
0x00007ffbdab60000 - 0x00007ffbdadd4000 	C:\WINDOWS\WinSxS\amd64_microsoft.windows.common-controls_6595b64144ccf1df_6.0.10586.0_none_8c15ae12515e1c22\COMCTL32.dll
0x00007ffbe01f0000 - 0x00007ffbe046d000 	C:\WINDOWS\system32\combase.dll
0x00007ffbdf510000 - 0x00007ffbdf57a000 	C:\WINDOWS\system32\bcryptPrimitives.dll
0x00007ffbe0470000 - 0x00007ffbe04ab000 	C:\WINDOWS\system32\IMM32.DLL
0x0000000050990000 - 0x0000000050a62000 	D:\jre1.8.0_60\bin\msvcr100.dll
0x0000000076ee0000 - 0x0000000077769000 	D:\jre1.8.0_60\bin\server\jvm.dll
0x00007ffbe25e0000 - 0x00007ffbe25e8000 	C:\WINDOWS\system32\PSAPI.DLL
0x00007ffbd1d10000 - 0x00007ffbd1d19000 	C:\WINDOWS\SYSTEM32\WSOCK32.dll
0x00007ffbe2810000 - 0x00007ffbe287b000 	C:\WINDOWS\system32\WS2_32.dll
0x00007ffbdd0b0000 - 0x00007ffbdd0d3000 	C:\WINDOWS\SYSTEM32\WINMM.dll
0x00007ffbdb520000 - 0x00007ffbdb52a000 	C:\WINDOWS\SYSTEM32\VERSION.dll
0x00007ffbdce80000 - 0x00007ffbdceac000 	C:\WINDOWS\SYSTEM32\WINMMBASE.dll
0x00007ffbdf440000 - 0x00007ffbdf483000 	C:\WINDOWS\system32\cfgmgr32.dll
0x0000000050980000 - 0x000000005098f000 	D:\jre1.8.0_60\bin\verify.dll
0x0000000050710000 - 0x0000000050739000 	D:\jre1.8.0_60\bin\java.dll
0x0000000050960000 - 0x0000000050976000 	D:\jre1.8.0_60\bin\zip.dll

VM Arguments:
jvm_args: -Dfile.encoding=GBK 
java_command: project.vehicle.management.ui.DearlerMainScreen
java_class_path (initial): D:\yuandaima\javawork\git\neu-sep-15\bin;D:\eclipse\eclipse\plugins\org.junit_4.12.0.v201504281640\junit.jar;D:\eclipse\eclipse\plugins\org.hamcrest.core_1.3.0.v201303031735.jar
Launcher Type: SUN_STANDARD

Environment Variables:
JAVA_HOME=D:\jdk.1.8.0
CLASSPATH=.;D:\jdk.1.8.0\lib;D:\jdk.1.8.0\lib\dt.jar;D:\jdk.1.8.0\lib\tools.jar
PATH=D:/jdk.1.8.0/bin/../jre/bin/server;D:/jdk.1.8.0/bin/../jre/bin;D:/jdk.1.8.0/bin/../jre/lib/amd64;D:\jdk.1.8.0\bin;D:\jdk.1.8.0\jre\bin;C:\ProgramData\Oracle\Java\javapath;C:\WINDOWS\system32;C:\WINDOWS;C:\WINDOWS\System32\Wbem;C:\WINDOWS\System32\WindowsPowerShell\v1.0\;C:\Program Files (x86)\ATI Technologies\ATI.ACE\Core-Static;D:\python;C:\Program Files\Microsoft SQL Server\120\Tools\Binn\;C:\Program Files (x86)\Windows Kits\8.1\Windows Performance Toolkit\;D:\python\Scripts;C:\Program Files\Microsoft SQL Server\110\DTS\Binn\;C:\Program Files (x86)\Microsoft SQL Server\110\Tools\Binn\;C:\Program Files\Microsoft SQL Server\110\Tools\Binn\;C:\Program Files (x86)\Microsoft SQL Server\110\Tools\Binn\ManagementStudio\;C:\Program Files (x86)\Microsoft Visual Studio 10.0\Common7\IDE\PrivateAssemblies\;C:\Program Files (x86)\Microsoft SQL Server\110\DTS\Binn\;C:\Program Files (x86)\PharosSystems\Core;D:\eclipse\eclipse;
USERNAME=Andersonhou
OS=Windows_NT
PROCESSOR_IDENTIFIER=Intel64 Family 6 Model 37 Stepping 5, GenuineIntel



---------------  S Y S T E M  ---------------

OS: Windows 10.0 , 64 bit Build 10586 (10.0.10586.0)

CPU:total 4 (2 cores per cpu, 2 threads per core) family 6 model 37 stepping 5, cmov, cx8, fxsr, mmx, sse, sse2, sse3, ssse3, sse4.1, sse4.2, popcnt, ht, tsc, tscinvbit

Memory: 4k page, physical 4052844k(685472k free), swap 8242296k(22900k free)

vm_info: Java HotSpot(TM) 64-Bit Server VM (25.60-b23) for windows-amd64 JRE (1.8.0_60-b27), built on Aug  4 2015 11:06:27 by "java_re" with MS VC++ 10.0 (VS2010)

time: Thu Dec 10 16:36:42 2015
elapsed time: 0 seconds (0d 0h 0m 0s)

